
[SYSTEM]: 2024-10-10_12-34-51-090+02:00 server.ex.ts: 
          Server running at http://127.0.0.1:3000/
              running: true
              hostname: 127.0.0.1
              port: 3000

[INFO  ]: 2024-10-10_12-35-06-980+02:00 SERVER (server.ex.ts): 
          Incoming request
              id: 2ad92f5e-7349-40f0-9ec4-a3a6c7c3ed4a
              request: 
                method: GET
                headers: 
                  host: 127.0.0.1:3000
                  connection: keep-alive
                  accept: */*
                  accept-language: *
                  sec-fetch-mode: cors
                  user-agent: node
                  accept-encoding: gzip, deflate
                url: /1yy2jh3asd/run
                httpVersion: 1.1

[INFO  ]: 2024-10-10_12-35-06-996+02:00 run.e.ts: 
          Ending request to /[id]/run/ with response
              id: 2ad92f5e-7349-40f0-9ec4-a3a6c7c3ed4a
              statusCode: 200
              response: 
                params: 
                  id: 1yy2jh3asd

[INFO  ]: 2024-10-10_12-35-07-002+02:00 SERVER (server.ex.ts): 
          Incoming request
              id: 3a9f8c78-4d37-450b-aa4d-615daf93f390
              request: 
                method: GET
                headers: 
                  host: 127.0.0.1:3000
                  connection: keep-alive
                  accept: */*
                  accept-language: *
                  sec-fetch-mode: cors
                  user-agent: node
                  accept-encoding: gzip, deflate
                url: /1yy2jh3asd/run
                httpVersion: 1.1

[INFO  ]: 2024-10-10_12-35-07-007+02:00 run.e.ts: 
          Ending request to /[id]/run/ with response
              id: 3a9f8c78-4d37-450b-aa4d-615daf93f390
              statusCode: 200
              response: 
                params: 
                  id: 1yy2jh3asd

[INFO  ]: 2024-10-10_12-36-11-915+02:00 SERVER (server.ex.ts): 
          Incoming request
              id: 79b0d4a3-7d86-4408-a229-61901722e677
              request: 
                method: GET
                headers: 
                  host: 127.0.0.1:3000
                  connection: keep-alive
                  accept: */*
                  accept-language: *
                  sec-fetch-mode: cors
                  user-agent: node
                  accept-encoding: gzip, deflate
                url: /1234/run
                httpVersion: 1.1

[INFO  ]: 2024-10-10_12-36-11-920+02:00 run.e.ts: 
          Ending request to /[id]/run/ with response
              id: 79b0d4a3-7d86-4408-a229-61901722e677
              statusCode: 200
              response: 
                params: 
                  id: 1234

[INFO  ]: 2024-10-10_12-36-11-927+02:00 SERVER (server.ex.ts): 
          Incoming request
              id: 338cdf78-19d5-47dd-b455-9a51a6fb85c0
              request: 
                method: GET
                headers: 
                  host: 127.0.0.1:3000
                  connection: keep-alive
                  accept: */*
                  accept-language: *
                  sec-fetch-mode: cors
                  user-agent: node
                  accept-encoding: gzip, deflate
                url: /abcd/run
                httpVersion: 1.1

[INFO  ]: 2024-10-10_12-36-11-932+02:00 run.e.ts: 
          Ending request to /[id]/run/ with response
              id: 338cdf78-19d5-47dd-b455-9a51a6fb85c0
              statusCode: 200
              response: 
                params: 
                  id: abcd

[INFO  ]: 2024-10-10_12-36-55-115+02:00 SERVER (server.ex.ts): 
          Incoming request
              id: 62eb8a8f-b9d7-4cad-8209-9e504c0c0135
              request: 
                method: GET
                headers: 
                  host: 127.0.0.1:3000
                  connection: keep-alive
                  accept: */*
                  accept-language: *
                  sec-fetch-mode: cors
                  user-agent: node
                  accept-encoding: gzip, deflate
                url: /1234/run
                httpVersion: 1.1

[INFO  ]: 2024-10-10_12-36-55-118+02:00 run.e.ts: 
          Ending request to /[id]/run/ with response
              id: 62eb8a8f-b9d7-4cad-8209-9e504c0c0135
              statusCode: 200
              response: 
                params: 
                  id: 1234

[INFO  ]: 2024-10-10_12-36-55-121+02:00 SERVER (server.ex.ts): 
          Incoming request
              id: bfa9deb5-ec00-48b2-af9d-bad7a7ab01ce
              request: 
                method: GET
                headers: 
                  host: 127.0.0.1:3000
                  connection: keep-alive
                  accept: */*
                  accept-language: *
                  sec-fetch-mode: cors
                  user-agent: node
                  accept-encoding: gzip, deflate
                url: /abcd/run
                httpVersion: 1.1

[INFO  ]: 2024-10-10_12-36-55-124+02:00 run.e.ts: 
          Ending request to /[id]/run/ with response
              id: bfa9deb5-ec00-48b2-af9d-bad7a7ab01ce
              statusCode: 200
              response: 
                params: 
                  id: abcd

[INFO  ]: 2024-10-10_12-36-55-127+02:00 SERVER (server.ex.ts): 
          Incoming request
              id: d1f55167-6737-4784-a082-88afafeb6dcd
              request: 
                method: GET
                headers: 
                  host: 127.0.0.1:3000
                  connection: keep-alive
                  accept: */*
                  accept-language: *
                  sec-fetch-mode: cors
                  user-agent: node
                  accept-encoding: gzip, deflate
                url: /abcd/run
                httpVersion: 1.1

[INFO  ]: 2024-10-10_12-36-55-133+02:00 SERVER (server.ex.ts): 
          Incoming request
              id: 4b5f05a8-d440-437b-a019-a9989a294c33
              request: 
                method: GET
                headers: 
                  host: 127.0.0.1:3000
                  connection: keep-alive
                  accept: */*
                  accept-language: *
                  sec-fetch-mode: cors
                  user-agent: node
                  accept-encoding: gzip, deflate
                url: /abcd/run
                httpVersion: 1.1

[INFO  ]: 2024-10-10_12-36-55-131+02:00 run.e.ts: 
          Ending request to /[id]/run/ with response
              id: d1f55167-6737-4784-a082-88afafeb6dcd
              statusCode: 200
              response: 
                params: 
                  id: abcd

[INFO  ]: 2024-10-10_12-36-55-141+02:00 run.e.ts: 
          Ending request to /[id]/run/ with response
              id: 4b5f05a8-d440-437b-a019-a9989a294c33
              statusCode: 200
              response: 
                params: 
                  id: abcd

[INFO  ]: 2024-10-10_12-36-55-145+02:00 SERVER (server.ex.ts): 
          Incoming request
              id: 0468832b-fc76-412c-a493-632b60b96424
              request: 
                method: GET
                headers: 
                  host: 127.0.0.1:3000
                  connection: keep-alive
                  accept: */*
                  accept-language: *
                  sec-fetch-mode: cors
                  user-agent: node
                  accept-encoding: gzip, deflate
                url: /abcd/run
                httpVersion: 1.1

[INFO  ]: 2024-10-10_12-36-55-150+02:00 run.e.ts: 
          Ending request to /[id]/run/ with response
              id: 0468832b-fc76-412c-a493-632b60b96424
              statusCode: 200
              response: 
                params: 
                  id: abcd

[INFO  ]: 2024-10-10_12-36-55-154+02:00 SERVER (server.ex.ts): 
          Incoming request
              id: 911b8733-f084-43d4-999c-b1dfcbbdd8e8
              request: 
                method: GET
                headers: 
                  host: 127.0.0.1:3000
                  connection: keep-alive
                  accept: */*
                  accept-language: *
                  sec-fetch-mode: cors
                  user-agent: node
                  accept-encoding: gzip, deflate
                url: /abcd/run
                httpVersion: 1.1

[INFO  ]: 2024-10-10_12-36-55-162+02:00 run.e.ts: 
          Ending request to /[id]/run/ with response
              id: 911b8733-f084-43d4-999c-b1dfcbbdd8e8
              statusCode: 200
              response: 
                params: 
                  id: abcd

[INFO  ]: 2024-10-10_12-36-55-166+02:00 SERVER (server.ex.ts): 
          Incoming request
              id: 8b308160-df5f-4e1a-beeb-27f2f3f1ee2e
              request: 
                method: GET
                headers: 
                  host: 127.0.0.1:3000
                  connection: keep-alive
                  accept: */*
                  accept-language: *
                  sec-fetch-mode: cors
                  user-agent: node
                  accept-encoding: gzip, deflate
                url: /abcd/run
                httpVersion: 1.1

[INFO  ]: 2024-10-10_12-36-55-171+02:00 run.e.ts: 
          Ending request to /[id]/run/ with response
              id: 8b308160-df5f-4e1a-beeb-27f2f3f1ee2e
              statusCode: 200
              response: 
                params: 
                  id: abcd

[INFO  ]: 2024-10-10_12-36-55-177+02:00 SERVER (server.ex.ts): 
          Incoming request
              id: 27febe5f-4aa4-4234-bee1-595811d5181b
              request: 
                method: GET
                headers: 
                  host: 127.0.0.1:3000
                  connection: keep-alive
                  accept: */*
                  accept-language: *
                  sec-fetch-mode: cors
                  user-agent: node
                  accept-encoding: gzip, deflate
                url: /abcd/run
                httpVersion: 1.1

[INFO  ]: 2024-10-10_12-36-55-182+02:00 run.e.ts: 
          Ending request to /[id]/run/ with response
              id: 27febe5f-4aa4-4234-bee1-595811d5181b
              statusCode: 200
              response: 
                params: 
                  id: abcd

[INFO  ]: 2024-10-10_12-36-55-187+02:00 SERVER (server.ex.ts): 
          Incoming request
              id: 32568152-e8c2-433e-baf1-24fb9108a417
              request: 
                method: GET
                headers: 
                  host: 127.0.0.1:3000
                  connection: keep-alive
                  accept: */*
                  accept-language: *
                  sec-fetch-mode: cors
                  user-agent: node
                  accept-encoding: gzip, deflate
                url: /abcd/run
                httpVersion: 1.1

[INFO  ]: 2024-10-10_12-36-55-193+02:00 run.e.ts: 
          Ending request to /[id]/run/ with response
              id: 32568152-e8c2-433e-baf1-24fb9108a417
              statusCode: 200
              response: 
                params: 
                  id: abcd

[INFO  ]: 2024-10-10_12-36-55-202+02:00 run.e.ts: 
          Ending request to /[id]/run/ with response
              id: a32ffdcf-8cd8-41c2-a711-035d12b32012
              statusCode: 200
              response: 
                params: 
                  id: abcd

[INFO  ]: 2024-10-10_12-36-55-196+02:00 SERVER (server.ex.ts): 
          Incoming request
              id: a32ffdcf-8cd8-41c2-a711-035d12b32012
              request: 
                method: GET
                headers: 
                  host: 127.0.0.1:3000
                  connection: keep-alive
                  accept: */*
                  accept-language: *
                  sec-fetch-mode: cors
                  user-agent: node
                  accept-encoding: gzip, deflate
                url: /abcd/run
                httpVersion: 1.1

[INFO  ]: 2024-10-10_12-36-55-208+02:00 SERVER (server.ex.ts): 
          Incoming request
              id: db796927-01a2-4dbe-8fb1-83fad536e764
              request: 
                method: GET
                headers: 
                  host: 127.0.0.1:3000
                  connection: keep-alive
                  accept: */*
                  accept-language: *
                  sec-fetch-mode: cors
                  user-agent: node
                  accept-encoding: gzip, deflate
                url: /abcd/run
                httpVersion: 1.1

[INFO  ]: 2024-10-10_12-36-55-213+02:00 run.e.ts: 
          Ending request to /[id]/run/ with response
              id: db796927-01a2-4dbe-8fb1-83fad536e764
              statusCode: 200
              response: 
                params: 
                  id: abcd

[INFO  ]: 2024-10-10_12-36-55-218+02:00 SERVER (server.ex.ts): 
          Incoming request
              id: 32b6c67e-6436-4d68-88ce-ce10ea02ce83
              request: 
                method: GET
                headers: 
                  host: 127.0.0.1:3000
                  connection: keep-alive
                  accept: */*
                  accept-language: *
                  sec-fetch-mode: cors
                  user-agent: node
                  accept-encoding: gzip, deflate
                url: /abcd/run
                httpVersion: 1.1

[INFO  ]: 2024-10-10_12-36-55-225+02:00 run.e.ts: 
          Ending request to /[id]/run/ with response
              id: 32b6c67e-6436-4d68-88ce-ce10ea02ce83
              statusCode: 200
              response: 
                params: 
                  id: abcd

[INFO  ]: 2024-10-10_12-36-55-230+02:00 SERVER (server.ex.ts): 
          Incoming request
              id: fd21e2f7-edfc-4c86-9360-3a63b21a0849
              request: 
                method: GET
                headers: 
                  host: 127.0.0.1:3000
                  connection: keep-alive
                  accept: */*
                  accept-language: *
                  sec-fetch-mode: cors
                  user-agent: node
                  accept-encoding: gzip, deflate
                url: /abcd/run
                httpVersion: 1.1

[INFO  ]: 2024-10-10_12-36-55-235+02:00 run.e.ts: 
          Ending request to /[id]/run/ with response
              id: fd21e2f7-edfc-4c86-9360-3a63b21a0849
              statusCode: 200
              response: 
                params: 
                  id: abcd

[INFO  ]: 2024-10-10_12-36-55-239+02:00 SERVER (server.ex.ts): 
          Incoming request
              id: 0009d37c-0d2f-450c-b571-c934d76cd173
              request: 
                method: GET
                headers: 
                  host: 127.0.0.1:3000
                  connection: keep-alive
                  accept: */*
                  accept-language: *
                  sec-fetch-mode: cors
                  user-agent: node
                  accept-encoding: gzip, deflate
                url: /abcd/run
                httpVersion: 1.1

[INFO  ]: 2024-10-10_12-36-55-247+02:00 run.e.ts: 
          Ending request to /[id]/run/ with response
              id: 0009d37c-0d2f-450c-b571-c934d76cd173
              statusCode: 200
              response: 
                params: 
                  id: abcd

[INFO  ]: 2024-10-10_12-36-55-255+02:00 SERVER (server.ex.ts): 
          Incoming request
              id: d3bab022-f5c5-4a30-a9c0-2c44b6ae9331
              request: 
                method: GET
                headers: 
                  host: 127.0.0.1:3000
                  connection: keep-alive
                  accept: */*
                  accept-language: *
                  sec-fetch-mode: cors
                  user-agent: node
                  accept-encoding: gzip, deflate
                url: /abcd/run
                httpVersion: 1.1

[INFO  ]: 2024-10-10_12-36-55-264+02:00 run.e.ts: 
          Ending request to /[id]/run/ with response
              id: d3bab022-f5c5-4a30-a9c0-2c44b6ae9331
              statusCode: 200
              response: 
                params: 
                  id: abcd

[INFO  ]: 2024-10-10_12-36-55-272+02:00 SERVER (server.ex.ts): 
          Incoming request
              id: 75886e02-164b-4010-beae-62150ae23586
              request: 
                method: GET
                headers: 
                  host: 127.0.0.1:3000
                  connection: keep-alive
                  accept: */*
                  accept-language: *
                  sec-fetch-mode: cors
                  user-agent: node
                  accept-encoding: gzip, deflate
                url: /abcd/run
                httpVersion: 1.1

[INFO  ]: 2024-10-10_12-36-55-282+02:00 run.e.ts: 
          Ending request to /[id]/run/ with response
              id: 75886e02-164b-4010-beae-62150ae23586
              statusCode: 200
              response: 
                params: 
                  id: abcd

[INFO  ]: 2024-10-10_12-36-55-285+02:00 SERVER (server.ex.ts): 
          Incoming request
              id: dc2d3426-e823-4e58-8448-cb84dd327925
              request: 
                method: GET
                headers: 
                  host: 127.0.0.1:3000
                  connection: keep-alive
                  accept: */*
                  accept-language: *
                  sec-fetch-mode: cors
                  user-agent: node
                  accept-encoding: gzip, deflate
                url: /abcd/run
                httpVersion: 1.1

[INFO  ]: 2024-10-10_12-36-55-291+02:00 run.e.ts: 
          Ending request to /[id]/run/ with response
              id: dc2d3426-e823-4e58-8448-cb84dd327925
              statusCode: 200
              response: 
                params: 
                  id: abcd

[INFO  ]: 2024-10-10_12-36-55-294+02:00 SERVER (server.ex.ts): 
          Incoming request
              id: 15cd40db-5c30-4ec9-9c00-dc995a6a0e16
              request: 
                method: GET
                headers: 
                  host: 127.0.0.1:3000
                  connection: keep-alive
                  accept: */*
                  accept-language: *
                  sec-fetch-mode: cors
                  user-agent: node
                  accept-encoding: gzip, deflate
                url: /abcd/run
                httpVersion: 1.1

[INFO  ]: 2024-10-10_12-36-55-299+02:00 run.e.ts: 
          Ending request to /[id]/run/ with response
              id: 15cd40db-5c30-4ec9-9c00-dc995a6a0e16
              statusCode: 200
              response: 
                params: 
                  id: abcd

[INFO  ]: 2024-10-10_12-36-55-303+02:00 SERVER (server.ex.ts): 
          Incoming request
              id: f7aaf225-d316-47a6-9748-6d30930907ca
              request: 
                method: GET
                headers: 
                  host: 127.0.0.1:3000
                  connection: keep-alive
                  accept: */*
                  accept-language: *
                  sec-fetch-mode: cors
                  user-agent: node
                  accept-encoding: gzip, deflate
                url: /abcd/run
                httpVersion: 1.1

[INFO  ]: 2024-10-10_12-36-55-308+02:00 run.e.ts: 
          Ending request to /[id]/run/ with response
              id: f7aaf225-d316-47a6-9748-6d30930907ca
              statusCode: 200
              response: 
                params: 
                  id: abcd

[INFO  ]: 2024-10-10_12-36-55-312+02:00 SERVER (server.ex.ts): 
          Incoming request
              id: fb85aa64-0998-4cc8-9752-a504886c8764
              request: 
                method: GET
                headers: 
                  host: 127.0.0.1:3000
                  connection: keep-alive
                  accept: */*
                  accept-language: *
                  sec-fetch-mode: cors
                  user-agent: node
                  accept-encoding: gzip, deflate
                url: /abcd/run
                httpVersion: 1.1

[INFO  ]: 2024-10-10_12-36-55-317+02:00 run.e.ts: 
          Ending request to /[id]/run/ with response
              id: fb85aa64-0998-4cc8-9752-a504886c8764
              statusCode: 200
              response: 
                params: 
                  id: abcd

[INFO  ]: 2024-10-10_12-36-55-322+02:00 SERVER (server.ex.ts): 
          Incoming request
              id: c1f22fe5-520b-40cd-b7f3-01d49a479e0a
              request: 
                method: GET
                headers: 
                  host: 127.0.0.1:3000
                  connection: keep-alive
                  accept: */*
                  accept-language: *
                  sec-fetch-mode: cors
                  user-agent: node
                  accept-encoding: gzip, deflate
                url: /abcd/run
                httpVersion: 1.1

[INFO  ]: 2024-10-10_12-36-55-327+02:00 run.e.ts: 
          Ending request to /[id]/run/ with response
              id: c1f22fe5-520b-40cd-b7f3-01d49a479e0a
              statusCode: 200
              response: 
                params: 
                  id: abcd

[INFO  ]: 2024-10-10_12-36-55-410+02:00 run.e.ts: 
          Ending request to /[id]/run/ with response
              id: d1f764b3-c1cb-48b4-ac11-84c74362661c
              statusCode: 200
              response: 
                params: 
                  id: abcd

[INFO  ]: 2024-10-10_12-36-55-420+02:00 SERVER (server.ex.ts): 
          Incoming request
              id: 89ec7a48-1959-4f1d-9fa9-fa710020278e
              request: 
                method: GET
                headers: 
                  host: 127.0.0.1:3000
                  connection: keep-alive
                  accept: */*
                  accept-language: *
                  sec-fetch-mode: cors
                  user-agent: node
                  accept-encoding: gzip, deflate
                url: /abcd/run
                httpVersion: 1.1

[INFO  ]: 2024-10-10_12-36-55-365+02:00 SERVER (server.ex.ts): 
          Incoming request
              id: d1f764b3-c1cb-48b4-ac11-84c74362661c
              request: 
                method: GET
                headers: 
                  host: 127.0.0.1:3000
                  connection: keep-alive
                  accept: */*
                  accept-language: *
                  sec-fetch-mode: cors
                  user-agent: node
                  accept-encoding: gzip, deflate
                url: /abcd/run
                httpVersion: 1.1

[INFO  ]: 2024-10-10_12-36-55-424+02:00 run.e.ts: 
          Ending request to /[id]/run/ with response
              id: 89ec7a48-1959-4f1d-9fa9-fa710020278e
              statusCode: 200
              response: 
                params: 
                  id: abcd

[INFO  ]: 2024-10-10_12-36-55-429+02:00 SERVER (server.ex.ts): 
          Incoming request
              id: 832e25d6-7b83-4d95-b02a-15c840008036
              request: 
                method: GET
                headers: 
                  host: 127.0.0.1:3000
                  connection: keep-alive
                  accept: */*
                  accept-language: *
                  sec-fetch-mode: cors
                  user-agent: node
                  accept-encoding: gzip, deflate
                url: /abcd/run
                httpVersion: 1.1

[INFO  ]: 2024-10-10_12-36-55-448+02:00 run.e.ts: 
          Ending request to /[id]/run/ with response
              id: 832e25d6-7b83-4d95-b02a-15c840008036
              statusCode: 200
              response: 
                params: 
                  id: abcd

[INFO  ]: 2024-10-10_12-36-55-452+02:00 SERVER (server.ex.ts): 
          Incoming request
              id: a3a53904-b149-4419-9abe-5e296c9588ee
              request: 
                method: GET
                headers: 
                  host: 127.0.0.1:3000
                  connection: keep-alive
                  accept: */*
                  accept-language: *
                  sec-fetch-mode: cors
                  user-agent: node
                  accept-encoding: gzip, deflate
                url: /abcd/run
                httpVersion: 1.1

[INFO  ]: 2024-10-10_12-36-55-455+02:00 run.e.ts: 
          Ending request to /[id]/run/ with response
              id: a3a53904-b149-4419-9abe-5e296c9588ee
              statusCode: 200
              response: 
                params: 
                  id: abcd

[INFO  ]: 2024-10-10_12-36-55-458+02:00 SERVER (server.ex.ts): 
          Incoming request
              id: e86788e1-8f7b-4e12-bd00-8c0adbe74cd7
              request: 
                method: GET
                headers: 
                  host: 127.0.0.1:3000
                  connection: keep-alive
                  accept: */*
                  accept-language: *
                  sec-fetch-mode: cors
                  user-agent: node
                  accept-encoding: gzip, deflate
                url: /abcd/run
                httpVersion: 1.1

[INFO  ]: 2024-10-10_12-36-55-463+02:00 run.e.ts: 
          Ending request to /[id]/run/ with response
              id: e86788e1-8f7b-4e12-bd00-8c0adbe74cd7
              statusCode: 200
              response: 
                params: 
                  id: abcd

[INFO  ]: 2024-10-10_12-36-55-466+02:00 SERVER (server.ex.ts): 
          Incoming request
              id: 2065b976-5bdf-4f58-b2cf-530fbef89577
              request: 
                method: GET
                headers: 
                  host: 127.0.0.1:3000
                  connection: keep-alive
                  accept: */*
                  accept-language: *
                  sec-fetch-mode: cors
                  user-agent: node
                  accept-encoding: gzip, deflate
                url: /abcd/run
                httpVersion: 1.1

[INFO  ]: 2024-10-10_12-36-55-471+02:00 run.e.ts: 
          Ending request to /[id]/run/ with response
              id: 2065b976-5bdf-4f58-b2cf-530fbef89577
              statusCode: 200
              response: 
                params: 
                  id: abcd

[INFO  ]: 2024-10-10_12-36-55-475+02:00 SERVER (server.ex.ts): 
          Incoming request
              id: e5bc86dc-3426-4bbf-843e-d94d849f2a12
              request: 
                method: GET
                headers: 
                  host: 127.0.0.1:3000
                  connection: keep-alive
                  accept: */*
                  accept-language: *
                  sec-fetch-mode: cors
                  user-agent: node
                  accept-encoding: gzip, deflate
                url: /abcd/run
                httpVersion: 1.1

[INFO  ]: 2024-10-10_12-36-55-479+02:00 run.e.ts: 
          Ending request to /[id]/run/ with response
              id: e5bc86dc-3426-4bbf-843e-d94d849f2a12
              statusCode: 200
              response: 
                params: 
                  id: abcd

[INFO  ]: 2024-10-10_12-36-55-482+02:00 SERVER (server.ex.ts): 
          Incoming request
              id: 1e8ea2ad-edd4-453b-b6d8-76b0529f971b
              request: 
                method: GET
                headers: 
                  host: 127.0.0.1:3000
                  connection: keep-alive
                  accept: */*
                  accept-language: *
                  sec-fetch-mode: cors
                  user-agent: node
                  accept-encoding: gzip, deflate
                url: /abcd/run
                httpVersion: 1.1

[INFO  ]: 2024-10-10_12-36-55-487+02:00 run.e.ts: 
          Ending request to /[id]/run/ with response
              id: 1e8ea2ad-edd4-453b-b6d8-76b0529f971b
              statusCode: 200
              response: 
                params: 
                  id: abcd

[INFO  ]: 2024-10-10_12-36-55-490+02:00 SERVER (server.ex.ts): 
          Incoming request
              id: d2b3008c-66d4-40c5-ab43-9fb36e0f99ec
              request: 
                method: GET
                headers: 
                  host: 127.0.0.1:3000
                  connection: keep-alive
                  accept: */*
                  accept-language: *
                  sec-fetch-mode: cors
                  user-agent: node
                  accept-encoding: gzip, deflate
                url: /abcd/run
                httpVersion: 1.1

[INFO  ]: 2024-10-10_12-36-55-495+02:00 run.e.ts: 
          Ending request to /[id]/run/ with response
              id: d2b3008c-66d4-40c5-ab43-9fb36e0f99ec
              statusCode: 200
              response: 
                params: 
                  id: abcd

[INFO  ]: 2024-10-10_12-36-55-498+02:00 SERVER (server.ex.ts): 
          Incoming request
              id: 9c54908b-6b8d-4385-b07f-321ebd506908
              request: 
                method: GET
                headers: 
                  host: 127.0.0.1:3000
                  connection: keep-alive
                  accept: */*
                  accept-language: *
                  sec-fetch-mode: cors
                  user-agent: node
                  accept-encoding: gzip, deflate
                url: /abcd/run
                httpVersion: 1.1

[INFO  ]: 2024-10-10_12-36-55-504+02:00 run.e.ts: 
          Ending request to /[id]/run/ with response
              id: 9c54908b-6b8d-4385-b07f-321ebd506908
              statusCode: 200
              response: 
                params: 
                  id: abcd

[INFO  ]: 2024-10-10_12-37-25-805+02:00 SERVER (server.ex.ts): 
          Incoming request
              id: 88575b54-bf22-4f8f-9592-513ca489b168
              request: 
                method: GET
                headers: 
                  host: 127.0.0.1:3000
                  connection: keep-alive
                  accept: */*
                  accept-language: *
                  sec-fetch-mode: cors
                  user-agent: node
                  accept-encoding: gzip, deflate
                url: /0/run
                httpVersion: 1.1

[INFO  ]: 2024-10-10_12-37-25-808+02:00 run.e.ts: 
          Ending request to /[id]/run/ with response
              id: 88575b54-bf22-4f8f-9592-513ca489b168
              statusCode: 200
              response: 
                params: 
                  id: 0

[INFO  ]: 2024-10-10_12-37-25-810+02:00 SERVER (server.ex.ts): 
          Incoming request
              id: ca2ef7c7-26c8-4d0c-a80d-54c175976be9
              request: 
                method: GET
                headers: 
                  host: 127.0.0.1:3000
                  connection: keep-alive
                  accept: */*
                  accept-language: *
                  sec-fetch-mode: cors
                  user-agent: node
                  accept-encoding: gzip, deflate
                url: /1/run
                httpVersion: 1.1

[INFO  ]: 2024-10-10_12-37-25-814+02:00 run.e.ts: 
          Ending request to /[id]/run/ with response
              id: ca2ef7c7-26c8-4d0c-a80d-54c175976be9
              statusCode: 200
              response: 
                params: 
                  id: 1

[INFO  ]: 2024-10-10_12-37-25-816+02:00 SERVER (server.ex.ts): 
          Incoming request
              id: 38da91ab-d7a4-47c6-a5ad-2895b0fb38aa
              request: 
                method: GET
                headers: 
                  host: 127.0.0.1:3000
                  connection: keep-alive
                  accept: */*
                  accept-language: *
                  sec-fetch-mode: cors
                  user-agent: node
                  accept-encoding: gzip, deflate
                url: /2/run
                httpVersion: 1.1

[INFO  ]: 2024-10-10_12-37-25-820+02:00 run.e.ts: 
          Ending request to /[id]/run/ with response
              id: 38da91ab-d7a4-47c6-a5ad-2895b0fb38aa
              statusCode: 200
              response: 
                params: 
                  id: 2

[INFO  ]: 2024-10-10_12-37-25-822+02:00 SERVER (server.ex.ts): 
          Incoming request
              id: 3eaf3a68-90ba-4337-b7df-5aee17fdbe1d
              request: 
                method: GET
                headers: 
                  host: 127.0.0.1:3000
                  connection: keep-alive
                  accept: */*
                  accept-language: *
                  sec-fetch-mode: cors
                  user-agent: node
                  accept-encoding: gzip, deflate
                url: /3/run
                httpVersion: 1.1

[INFO  ]: 2024-10-10_12-37-25-826+02:00 run.e.ts: 
          Ending request to /[id]/run/ with response
              id: 3eaf3a68-90ba-4337-b7df-5aee17fdbe1d
              statusCode: 200
              response: 
                params: 
                  id: 3

[INFO  ]: 2024-10-10_12-37-25-833+02:00 run.e.ts: 
          Ending request to /[id]/run/ with response
              id: c1f56d31-e97c-40a6-8cac-d310714d1e24
              statusCode: 200
              response: 
                params: 
                  id: 4

[INFO  ]: 2024-10-10_12-37-25-828+02:00 SERVER (server.ex.ts): 
          Incoming request
              id: c1f56d31-e97c-40a6-8cac-d310714d1e24
              request: 
                method: GET
                headers: 
                  host: 127.0.0.1:3000
                  connection: keep-alive
                  accept: */*
                  accept-language: *
                  sec-fetch-mode: cors
                  user-agent: node
                  accept-encoding: gzip, deflate
                url: /4/run
                httpVersion: 1.1

[INFO  ]: 2024-10-10_12-37-25-838+02:00 SERVER (server.ex.ts): 
          Incoming request
              id: 22b45982-d7e2-4da9-990e-af48fa6db6ad
              request: 
                method: GET
                headers: 
                  host: 127.0.0.1:3000
                  connection: keep-alive
                  accept: */*
                  accept-language: *
                  sec-fetch-mode: cors
                  user-agent: node
                  accept-encoding: gzip, deflate
                url: /5/run
                httpVersion: 1.1

[INFO  ]: 2024-10-10_12-37-25-845+02:00 run.e.ts: 
          Ending request to /[id]/run/ with response
              id: 22b45982-d7e2-4da9-990e-af48fa6db6ad
              statusCode: 200
              response: 
                params: 
                  id: 5

[INFO  ]: 2024-10-10_12-37-25-848+02:00 SERVER (server.ex.ts): 
          Incoming request
              id: 3ab4bdde-23a7-493a-8c6b-eb2662fb1f55
              request: 
                method: GET
                headers: 
                  host: 127.0.0.1:3000
                  connection: keep-alive
                  accept: */*
                  accept-language: *
                  sec-fetch-mode: cors
                  user-agent: node
                  accept-encoding: gzip, deflate
                url: /6/run
                httpVersion: 1.1

[INFO  ]: 2024-10-10_12-37-25-855+02:00 run.e.ts: 
          Ending request to /[id]/run/ with response
              id: 3ab4bdde-23a7-493a-8c6b-eb2662fb1f55
              statusCode: 200
              response: 
                params: 
                  id: 6

[INFO  ]: 2024-10-10_12-37-25-860+02:00 SERVER (server.ex.ts): 
          Incoming request
              id: f44a590d-bb28-403f-b4aa-f9fe57ea07ea
              request: 
                method: GET
                headers: 
                  host: 127.0.0.1:3000
                  connection: keep-alive
                  accept: */*
                  accept-language: *
                  sec-fetch-mode: cors
                  user-agent: node
                  accept-encoding: gzip, deflate
                url: /7/run
                httpVersion: 1.1

[INFO  ]: 2024-10-10_12-37-25-865+02:00 run.e.ts: 
          Ending request to /[id]/run/ with response
              id: f44a590d-bb28-403f-b4aa-f9fe57ea07ea
              statusCode: 200
              response: 
                params: 
                  id: 7

[INFO  ]: 2024-10-10_12-37-25-869+02:00 SERVER (server.ex.ts): 
          Incoming request
              id: 900ce137-9a94-4d62-944e-d567a9789422
              request: 
                method: GET
                headers: 
                  host: 127.0.0.1:3000
                  connection: keep-alive
                  accept: */*
                  accept-language: *
                  sec-fetch-mode: cors
                  user-agent: node
                  accept-encoding: gzip, deflate
                url: /8/run
                httpVersion: 1.1

[INFO  ]: 2024-10-10_12-37-25-873+02:00 run.e.ts: 
          Ending request to /[id]/run/ with response
              id: 900ce137-9a94-4d62-944e-d567a9789422
              statusCode: 200
              response: 
                params: 
                  id: 8

[INFO  ]: 2024-10-10_12-37-25-876+02:00 SERVER (server.ex.ts): 
          Incoming request
              id: 3b3ee9f5-1d32-4c4e-ac00-ee9be10a4a3d
              request: 
                method: GET
                headers: 
                  host: 127.0.0.1:3000
                  connection: keep-alive
                  accept: */*
                  accept-language: *
                  sec-fetch-mode: cors
                  user-agent: node
                  accept-encoding: gzip, deflate
                url: /9/run
                httpVersion: 1.1

[INFO  ]: 2024-10-10_12-37-25-883+02:00 run.e.ts: 
          Ending request to /[id]/run/ with response
              id: 3b3ee9f5-1d32-4c4e-ac00-ee9be10a4a3d
              statusCode: 200
              response: 
                params: 
                  id: 9

[INFO  ]: 2024-10-10_12-37-25-886+02:00 SERVER (server.ex.ts): 
          Incoming request
              id: 34cef040-5148-4f05-b6cc-61ca762d9abc
              request: 
                method: GET
                headers: 
                  host: 127.0.0.1:3000
                  connection: keep-alive
                  accept: */*
                  accept-language: *
                  sec-fetch-mode: cors
                  user-agent: node
                  accept-encoding: gzip, deflate
                url: /10/run
                httpVersion: 1.1

[INFO  ]: 2024-10-10_12-37-25-892+02:00 run.e.ts: 
          Ending request to /[id]/run/ with response
              id: 34cef040-5148-4f05-b6cc-61ca762d9abc
              statusCode: 200
              response: 
                params: 
                  id: 10

[INFO  ]: 2024-10-10_12-37-25-896+02:00 SERVER (server.ex.ts): 
          Incoming request
              id: 5f53514a-e0c2-4bb9-83f7-3dd555c20518
              request: 
                method: GET
                headers: 
                  host: 127.0.0.1:3000
                  connection: keep-alive
                  accept: */*
                  accept-language: *
                  sec-fetch-mode: cors
                  user-agent: node
                  accept-encoding: gzip, deflate
                url: /11/run
                httpVersion: 1.1

[INFO  ]: 2024-10-10_12-37-25-901+02:00 run.e.ts: 
          Ending request to /[id]/run/ with response
              id: 5f53514a-e0c2-4bb9-83f7-3dd555c20518
              statusCode: 200
              response: 
                params: 
                  id: 11

[INFO  ]: 2024-10-10_12-37-25-905+02:00 SERVER (server.ex.ts): 
          Incoming request
              id: 7792e461-1546-40f6-b13a-91d043a73a05
              request: 
                method: GET
                headers: 
                  host: 127.0.0.1:3000
                  connection: keep-alive
                  accept: */*
                  accept-language: *
                  sec-fetch-mode: cors
                  user-agent: node
                  accept-encoding: gzip, deflate
                url: /12/run
                httpVersion: 1.1

[INFO  ]: 2024-10-10_12-37-25-910+02:00 run.e.ts: 
          Ending request to /[id]/run/ with response
              id: 7792e461-1546-40f6-b13a-91d043a73a05
              statusCode: 200
              response: 
                params: 
                  id: 12

[INFO  ]: 2024-10-10_12-37-25-915+02:00 SERVER (server.ex.ts): 
          Incoming request
              id: e53830b1-653e-47d5-b97b-ad9b6e91427d
              request: 
                method: GET
                headers: 
                  host: 127.0.0.1:3000
                  connection: keep-alive
                  accept: */*
                  accept-language: *
                  sec-fetch-mode: cors
                  user-agent: node
                  accept-encoding: gzip, deflate
                url: /13/run
                httpVersion: 1.1

[INFO  ]: 2024-10-10_12-37-25-920+02:00 run.e.ts: 
          Ending request to /[id]/run/ with response
              id: e53830b1-653e-47d5-b97b-ad9b6e91427d
              statusCode: 200
              response: 
                params: 
                  id: 13

[INFO  ]: 2024-10-10_12-37-25-925+02:00 SERVER (server.ex.ts): 
          Incoming request
              id: 4304e726-fd84-4df4-a8f1-6b80ee900022
              request: 
                method: GET
                headers: 
                  host: 127.0.0.1:3000
                  connection: keep-alive
                  accept: */*
                  accept-language: *
                  sec-fetch-mode: cors
                  user-agent: node
                  accept-encoding: gzip, deflate
                url: /14/run
                httpVersion: 1.1

[INFO  ]: 2024-10-10_12-37-25-932+02:00 run.e.ts: 
          Ending request to /[id]/run/ with response
              id: 4304e726-fd84-4df4-a8f1-6b80ee900022
              statusCode: 200
              response: 
                params: 
                  id: 14

[INFO  ]: 2024-10-10_12-37-25-935+02:00 SERVER (server.ex.ts): 
          Incoming request
              id: a642c762-3dd4-4cd5-8c0d-33dffbc4cfaf
              request: 
                method: GET
                headers: 
                  host: 127.0.0.1:3000
                  connection: keep-alive
                  accept: */*
                  accept-language: *
                  sec-fetch-mode: cors
                  user-agent: node
                  accept-encoding: gzip, deflate
                url: /15/run
                httpVersion: 1.1

[INFO  ]: 2024-10-10_12-37-25-941+02:00 run.e.ts: 
          Ending request to /[id]/run/ with response
              id: a642c762-3dd4-4cd5-8c0d-33dffbc4cfaf
              statusCode: 200
              response: 
                params: 
                  id: 15

[INFO  ]: 2024-10-10_12-37-25-944+02:00 SERVER (server.ex.ts): 
          Incoming request
              id: 9526cc8f-1051-4d8c-a5b8-37cec595aab3
              request: 
                method: GET
                headers: 
                  host: 127.0.0.1:3000
                  connection: keep-alive
                  accept: */*
                  accept-language: *
                  sec-fetch-mode: cors
                  user-agent: node
                  accept-encoding: gzip, deflate
                url: /16/run
                httpVersion: 1.1

[INFO  ]: 2024-10-10_12-37-25-951+02:00 run.e.ts: 
          Ending request to /[id]/run/ with response
              id: 9526cc8f-1051-4d8c-a5b8-37cec595aab3
              statusCode: 200
              response: 
                params: 
                  id: 16

[INFO  ]: 2024-10-10_12-37-25-955+02:00 SERVER (server.ex.ts): 
          Incoming request
              id: 060f0679-70c5-40ed-85bb-c377565c6eed
              request: 
                method: GET
                headers: 
                  host: 127.0.0.1:3000
                  connection: keep-alive
                  accept: */*
                  accept-language: *
                  sec-fetch-mode: cors
                  user-agent: node
                  accept-encoding: gzip, deflate
                url: /17/run
                httpVersion: 1.1

[INFO  ]: 2024-10-10_12-37-25-960+02:00 run.e.ts: 
          Ending request to /[id]/run/ with response
              id: 060f0679-70c5-40ed-85bb-c377565c6eed
              statusCode: 200
              response: 
                params: 
                  id: 17

[INFO  ]: 2024-10-10_12-37-25-967+02:00 run.e.ts: 
          Ending request to /[id]/run/ with response
              id: 727729d0-8e48-4fd6-877e-49b50a5b6c21
              statusCode: 200
              response: 
                params: 
                  id: 18

[INFO  ]: 2024-10-10_12-37-25-963+02:00 SERVER (server.ex.ts): 
          Incoming request
              id: 727729d0-8e48-4fd6-877e-49b50a5b6c21
              request: 
                method: GET
                headers: 
                  host: 127.0.0.1:3000
                  connection: keep-alive
                  accept: */*
                  accept-language: *
                  sec-fetch-mode: cors
                  user-agent: node
                  accept-encoding: gzip, deflate
                url: /18/run
                httpVersion: 1.1

[INFO  ]: 2024-10-10_12-37-25-971+02:00 SERVER (server.ex.ts): 
          Incoming request
              id: 4a72c385-c58a-4ea7-91f5-64d1bc76dd2f
              request: 
                method: GET
                headers: 
                  host: 127.0.0.1:3000
                  connection: keep-alive
                  accept: */*
                  accept-language: *
                  sec-fetch-mode: cors
                  user-agent: node
                  accept-encoding: gzip, deflate
                url: /19/run
                httpVersion: 1.1

[INFO  ]: 2024-10-10_12-37-25-978+02:00 run.e.ts: 
          Ending request to /[id]/run/ with response
              id: 4a72c385-c58a-4ea7-91f5-64d1bc76dd2f
              statusCode: 200
              response: 
                params: 
                  id: 19

[INFO  ]: 2024-10-10_12-37-25-980+02:00 SERVER (server.ex.ts): 
          Incoming request
              id: 95ae9636-8d09-4963-a49f-455984cbc327
              request: 
                method: GET
                headers: 
                  host: 127.0.0.1:3000
                  connection: keep-alive
                  accept: */*
                  accept-language: *
                  sec-fetch-mode: cors
                  user-agent: node
                  accept-encoding: gzip, deflate
                url: /20/run
                httpVersion: 1.1

[INFO  ]: 2024-10-10_12-37-25-986+02:00 run.e.ts: 
          Ending request to /[id]/run/ with response
              id: 95ae9636-8d09-4963-a49f-455984cbc327
              statusCode: 200
              response: 
                params: 
                  id: 20

[INFO  ]: 2024-10-10_12-37-25-988+02:00 SERVER (server.ex.ts): 
          Incoming request
              id: f05b2b30-8c23-4cff-9985-fc66391a6c6f
              request: 
                method: GET
                headers: 
                  host: 127.0.0.1:3000
                  connection: keep-alive
                  accept: */*
                  accept-language: *
                  sec-fetch-mode: cors
                  user-agent: node
                  accept-encoding: gzip, deflate
                url: /21/run
                httpVersion: 1.1

[INFO  ]: 2024-10-10_12-37-25-993+02:00 run.e.ts: 
          Ending request to /[id]/run/ with response
              id: f05b2b30-8c23-4cff-9985-fc66391a6c6f
              statusCode: 200
              response: 
                params: 
                  id: 21

[INFO  ]: 2024-10-10_12-37-25-996+02:00 SERVER (server.ex.ts): 
          Incoming request
              id: a3a46db3-7d26-4984-841c-170477f5121d
              request: 
                method: GET
                headers: 
                  host: 127.0.0.1:3000
                  connection: keep-alive
                  accept: */*
                  accept-language: *
                  sec-fetch-mode: cors
                  user-agent: node
                  accept-encoding: gzip, deflate
                url: /22/run
                httpVersion: 1.1

[INFO  ]: 2024-10-10_12-37-26-000+02:00 run.e.ts: 
          Ending request to /[id]/run/ with response
              id: a3a46db3-7d26-4984-841c-170477f5121d
              statusCode: 200
              response: 
                params: 
                  id: 22

[INFO  ]: 2024-10-10_12-37-26-003+02:00 SERVER (server.ex.ts): 
          Incoming request
              id: b8a346a3-14d2-4ddc-a1a3-9a07c9c65015
              request: 
                method: GET
                headers: 
                  host: 127.0.0.1:3000
                  connection: keep-alive
                  accept: */*
                  accept-language: *
                  sec-fetch-mode: cors
                  user-agent: node
                  accept-encoding: gzip, deflate
                url: /23/run
                httpVersion: 1.1

[INFO  ]: 2024-10-10_12-37-26-007+02:00 run.e.ts: 
          Ending request to /[id]/run/ with response
              id: b8a346a3-14d2-4ddc-a1a3-9a07c9c65015
              statusCode: 200
              response: 
                params: 
                  id: 23

[INFO  ]: 2024-10-10_12-37-26-011+02:00 SERVER (server.ex.ts): 
          Incoming request
              id: b30c800c-3bff-48c8-8e3a-f4de96fe9d58
              request: 
                method: GET
                headers: 
                  host: 127.0.0.1:3000
                  connection: keep-alive
                  accept: */*
                  accept-language: *
                  sec-fetch-mode: cors
                  user-agent: node
                  accept-encoding: gzip, deflate
                url: /24/run
                httpVersion: 1.1

[INFO  ]: 2024-10-10_12-37-26-017+02:00 run.e.ts: 
          Ending request to /[id]/run/ with response
              id: b30c800c-3bff-48c8-8e3a-f4de96fe9d58
              statusCode: 200
              response: 
                params: 
                  id: 24

[INFO  ]: 2024-10-10_12-39-02-049+02:00 SERVER (server.ex.ts): 
          Incoming request
              id: 065025b5-5c32-48e1-b047-3a5c31a9d35a
              request: 
                method: GET
                headers: 
                  host: 127.0.0.1:3000
                  connection: keep-alive
                  accept: */*
                  accept-language: *
                  sec-fetch-mode: cors
                  user-agent: node
                  accept-encoding: gzip, deflate
                url: /folders/0/self
                httpVersion: 1.1

[INFO  ]: 2024-10-10_12-39-02-060+02:00 SERVER (server.ex.ts): 
          Incoming request
              id: 30af7b35-d521-4062-8c30-9d91355453d3
              request: 
                method: GET
                headers: 
                  host: 127.0.0.1:3000
                  connection: keep-alive
                  accept: */*
                  accept-language: *
                  sec-fetch-mode: cors
                  user-agent: node
                  accept-encoding: gzip, deflate
                url: /folders/1/self
                httpVersion: 1.1

[INFO  ]: 2024-10-10_12-39-02-064+02:00 SERVER (server.ex.ts): 
          Incoming request
              id: a2dafce1-7b2e-4cab-888d-7384f60c0b05
              request: 
                method: GET
                headers: 
                  host: 127.0.0.1:3000
                  connection: keep-alive
                  accept: */*
                  accept-language: *
                  sec-fetch-mode: cors
                  user-agent: node
                  accept-encoding: gzip, deflate
                url: /folders/2/self
                httpVersion: 1.1

[INFO  ]: 2024-10-10_12-39-02-068+02:00 SERVER (server.ex.ts): 
          Incoming request
              id: 0657b953-a2e6-407c-b634-f2e336c2012e
              request: 
                method: GET
                headers: 
                  host: 127.0.0.1:3000
                  connection: keep-alive
                  accept: */*
                  accept-language: *
                  sec-fetch-mode: cors
                  user-agent: node
                  accept-encoding: gzip, deflate
                url: /folders/3/self
                httpVersion: 1.1

[INFO  ]: 2024-10-10_12-39-02-072+02:00 SERVER (server.ex.ts): 
          Incoming request
              id: 4a866b6b-fe57-469d-a665-16664aa32e13
              request: 
                method: GET
                headers: 
                  host: 127.0.0.1:3000
                  connection: keep-alive
                  accept: */*
                  accept-language: *
                  sec-fetch-mode: cors
                  user-agent: node
                  accept-encoding: gzip, deflate
                url: /folders/4/self
                httpVersion: 1.1

[INFO  ]: 2024-10-10_12-39-02-078+02:00 SERVER (server.ex.ts): 
          Incoming request
              id: 47734241-9c20-4792-b391-f47af3dedccd
              request: 
                method: GET
                headers: 
                  host: 127.0.0.1:3000
                  connection: keep-alive
                  accept: */*
                  accept-language: *
                  sec-fetch-mode: cors
                  user-agent: node
                  accept-encoding: gzip, deflate
                url: /folders/5/self
                httpVersion: 1.1

[INFO  ]: 2024-10-10_12-39-02-083+02:00 SERVER (server.ex.ts): 
          Incoming request
              id: e4ec1e52-c5cf-41ff-9206-dc1c8662e3fa
              request: 
                method: GET
                headers: 
                  host: 127.0.0.1:3000
                  connection: keep-alive
                  accept: */*
                  accept-language: *
                  sec-fetch-mode: cors
                  user-agent: node
                  accept-encoding: gzip, deflate
                url: /folders/6/self
                httpVersion: 1.1

[INFO  ]: 2024-10-10_12-39-02-088+02:00 SERVER (server.ex.ts): 
          Incoming request
              id: 72e24ef2-f50c-49e1-83a5-2d6bb2b4226c
              request: 
                method: GET
                headers: 
                  host: 127.0.0.1:3000
                  connection: keep-alive
                  accept: */*
                  accept-language: *
                  sec-fetch-mode: cors
                  user-agent: node
                  accept-encoding: gzip, deflate
                url: /folders/7/self
                httpVersion: 1.1

[INFO  ]: 2024-10-10_12-39-02-093+02:00 SERVER (server.ex.ts): 
          Incoming request
              id: 4fc77d88-a65d-4ab5-9d84-7bc287d68356
              request: 
                method: GET
                headers: 
                  host: 127.0.0.1:3000
                  connection: keep-alive
                  accept: */*
                  accept-language: *
                  sec-fetch-mode: cors
                  user-agent: node
                  accept-encoding: gzip, deflate
                url: /folders/8/self
                httpVersion: 1.1

[INFO  ]: 2024-10-10_12-39-02-099+02:00 SERVER (server.ex.ts): 
          Incoming request
              id: 8444bca0-2f59-4b55-9da2-e86193b4261c
              request: 
                method: GET
                headers: 
                  host: 127.0.0.1:3000
                  connection: keep-alive
                  accept: */*
                  accept-language: *
                  sec-fetch-mode: cors
                  user-agent: node
                  accept-encoding: gzip, deflate
                url: /folders/9/self
                httpVersion: 1.1

[INFO  ]: 2024-10-10_12-39-02-104+02:00 SERVER (server.ex.ts): 
          Incoming request
              id: e0f84cd8-d16c-4bdc-9878-27b5b7c53233
              request: 
                method: GET
                headers: 
                  host: 127.0.0.1:3000
                  connection: keep-alive
                  accept: */*
                  accept-language: *
                  sec-fetch-mode: cors
                  user-agent: node
                  accept-encoding: gzip, deflate
                url: /folders/10/self
                httpVersion: 1.1

[INFO  ]: 2024-10-10_12-39-02-109+02:00 SERVER (server.ex.ts): 
          Incoming request
              id: b91ca18a-a831-4887-84a2-36fd64c4bb7c
              request: 
                method: GET
                headers: 
                  host: 127.0.0.1:3000
                  connection: keep-alive
                  accept: */*
                  accept-language: *
                  sec-fetch-mode: cors
                  user-agent: node
                  accept-encoding: gzip, deflate
                url: /folders/11/self
                httpVersion: 1.1

[INFO  ]: 2024-10-10_12-39-02-114+02:00 SERVER (server.ex.ts): 
          Incoming request
              id: eb025149-a07a-429f-a754-edf45b385330
              request: 
                method: GET
                headers: 
                  host: 127.0.0.1:3000
                  connection: keep-alive
                  accept: */*
                  accept-language: *
                  sec-fetch-mode: cors
                  user-agent: node
                  accept-encoding: gzip, deflate
                url: /folders/12/self
                httpVersion: 1.1

[INFO  ]: 2024-10-10_12-39-02-120+02:00 SERVER (server.ex.ts): 
          Incoming request
              id: 7bd783ca-28d4-4acc-91b8-54786f2dcfdf
              request: 
                method: GET
                headers: 
                  host: 127.0.0.1:3000
                  connection: keep-alive
                  accept: */*
                  accept-language: *
                  sec-fetch-mode: cors
                  user-agent: node
                  accept-encoding: gzip, deflate
                url: /folders/13/self
                httpVersion: 1.1

[INFO  ]: 2024-10-10_12-39-02-127+02:00 SERVER (server.ex.ts): 
          Incoming request
              id: c7b39d58-58ce-400f-8d86-25caebfaa6d9
              request: 
                method: GET
                headers: 
                  host: 127.0.0.1:3000
                  connection: keep-alive
                  accept: */*
                  accept-language: *
                  sec-fetch-mode: cors
                  user-agent: node
                  accept-encoding: gzip, deflate
                url: /folders/14/self
                httpVersion: 1.1

[INFO  ]: 2024-10-10_12-39-02-132+02:00 SERVER (server.ex.ts): 
          Incoming request
              id: 05be01e6-3f95-4d50-8b52-0876c25aee46
              request: 
                method: GET
                headers: 
                  host: 127.0.0.1:3000
                  connection: keep-alive
                  accept: */*
                  accept-language: *
                  sec-fetch-mode: cors
                  user-agent: node
                  accept-encoding: gzip, deflate
                url: /folders/15/self
                httpVersion: 1.1

[INFO  ]: 2024-10-10_12-39-02-137+02:00 SERVER (server.ex.ts): 
          Incoming request
              id: 5aac3382-ddc4-43a8-bedf-e3c24eaf6ecb
              request: 
                method: GET
                headers: 
                  host: 127.0.0.1:3000
                  connection: keep-alive
                  accept: */*
                  accept-language: *
                  sec-fetch-mode: cors
                  user-agent: node
                  accept-encoding: gzip, deflate
                url: /folders/16/self
                httpVersion: 1.1

[INFO  ]: 2024-10-10_12-39-02-143+02:00 SERVER (server.ex.ts): 
          Incoming request
              id: ccf500d9-5fb9-4f20-b88a-49fbc6d57900
              request: 
                method: GET
                headers: 
                  host: 127.0.0.1:3000
                  connection: keep-alive
                  accept: */*
                  accept-language: *
                  sec-fetch-mode: cors
                  user-agent: node
                  accept-encoding: gzip, deflate
                url: /folders/17/self
                httpVersion: 1.1

[INFO  ]: 2024-10-10_12-39-02-147+02:00 SERVER (server.ex.ts): 
          Incoming request
              id: 25af5f3d-2756-46dd-aa9b-831afea11182
              request: 
                method: GET
                headers: 
                  host: 127.0.0.1:3000
                  connection: keep-alive
                  accept: */*
                  accept-language: *
                  sec-fetch-mode: cors
                  user-agent: node
                  accept-encoding: gzip, deflate
                url: /folders/18/self
                httpVersion: 1.1

[INFO  ]: 2024-10-10_12-39-02-152+02:00 SERVER (server.ex.ts): 
          Incoming request
              id: 61d60b95-09ca-48ea-8d78-6aa5eac12730
              request: 
                method: GET
                headers: 
                  host: 127.0.0.1:3000
                  connection: keep-alive
                  accept: */*
                  accept-language: *
                  sec-fetch-mode: cors
                  user-agent: node
                  accept-encoding: gzip, deflate
                url: /folders/19/self
                httpVersion: 1.1

[INFO  ]: 2024-10-10_12-39-02-158+02:00 SERVER (server.ex.ts): 
          Incoming request
              id: 5a4cc426-5890-43af-a6b3-3216ed6c367a
              request: 
                method: GET
                headers: 
                  host: 127.0.0.1:3000
                  connection: keep-alive
                  accept: */*
                  accept-language: *
                  sec-fetch-mode: cors
                  user-agent: node
                  accept-encoding: gzip, deflate
                url: /folders/20/self
                httpVersion: 1.1

[INFO  ]: 2024-10-10_12-39-02-163+02:00 SERVER (server.ex.ts): 
          Incoming request
              id: 0b516797-1201-495a-951c-719231baa752
              request: 
                method: GET
                headers: 
                  host: 127.0.0.1:3000
                  connection: keep-alive
                  accept: */*
                  accept-language: *
                  sec-fetch-mode: cors
                  user-agent: node
                  accept-encoding: gzip, deflate
                url: /folders/21/self
                httpVersion: 1.1

[INFO  ]: 2024-10-10_12-39-02-169+02:00 SERVER (server.ex.ts): 
          Incoming request
              id: 0c518266-59de-4d20-8363-6115ed309c29
              request: 
                method: GET
                headers: 
                  host: 127.0.0.1:3000
                  connection: keep-alive
                  accept: */*
                  accept-language: *
                  sec-fetch-mode: cors
                  user-agent: node
                  accept-encoding: gzip, deflate
                url: /folders/22/self
                httpVersion: 1.1

[INFO  ]: 2024-10-10_12-39-02-173+02:00 SERVER (server.ex.ts): 
          Incoming request
              id: b83cb9aa-ddba-4575-aa39-9faaf8829014
              request: 
                method: GET
                headers: 
                  host: 127.0.0.1:3000
                  connection: keep-alive
                  accept: */*
                  accept-language: *
                  sec-fetch-mode: cors
                  user-agent: node
                  accept-encoding: gzip, deflate
                url: /folders/23/self
                httpVersion: 1.1

[INFO  ]: 2024-10-10_12-39-02-178+02:00 SERVER (server.ex.ts): 
          Incoming request
              id: 61022950-73b6-491a-98ab-1aac57b534e6
              request: 
                method: GET
                headers: 
                  host: 127.0.0.1:3000
                  connection: keep-alive
                  accept: */*
                  accept-language: *
                  sec-fetch-mode: cors
                  user-agent: node
                  accept-encoding: gzip, deflate
                url: /folders/24/self
                httpVersion: 1.1
